<?xml version="1.0" encoding="UTF-8"?>
<testsuite xmlns:xsi="http://www.w3.org/2001/XMLSchema-instance" xsi:noNamespaceSchemaLocation="https://maven.apache.org/surefire/maven-surefire-plugin/xsd/surefire-test-report.xsd" name="br.com.projeto.dao.CidadaoDaoTest" time="28.76" tests="3" errors="0" skipped="0" failures="0">
  <properties>
[...]
</properties>
  <testcase name="retornaFalseSeCpfNaoExiste" classname="br.com.projeto.dao.CidadaoDaoTest" time="1.575"/>
  <testcase name="deveInserirNovoCidadao" classname="br.com.projeto.dao.CidadaoDaoTest" time="0.563"/>
  <testcase name="retornaTrueSeCpfExiste" classname="br.com.projeto.dao.CidadaoDaoTest" time="0.046"/>
</testsuite>